<?xml version="1.0" encoding="UTF-8"?>
<testsuite xmlns:xsi="http://www.w3.org/2001/XMLSchema-instance" xsi:noNamespaceSchemaLocation="https://maven.apache.org/surefire/maven-surefire-plugin/xsd/surefire-test-report-3.0.xsd" version="3.0" name="TestSuite" time="3.268" tests="2" errors="0" skipped="0" failures="0">
  <properties>
[...]
</properties>
  <testcase name="runScenario[&quot;As a user, I want to login to Parabank website using valid credentials&quot;, &quot;Optional[Parabank login testing]&quot;](1)" classname="com.runner.LoginRunner" time="0.166">
    <system-out><![CDATA[[TestNGContentHandler] [WARN] It is strongly recommended to add "<!DOCTYPE suite SYSTEM "http://testng.org/testng-1.0.dtd" >" at the top of your file, otherwise TestNG may fail or not work as expected.

@smoke @TC1
Scenario Outline: As a user, I want to login to Parabank website using valid credentials # src/test/resources/Login.feature:15
  Given open the browser                                                                 # com.stepdef.StepDef.open_the_browser()
  And pass the URL "https://parabank.parasoft.com/parabank/index.htm?ConnType=JDBC"      # com.stepdef.StepDef.pass_the_url(java.lang.String)
  When enter username "rezwan" in the Username field                                     # com.stepdef.StepDef.enter_username_in_the_username_field(java.lang.String)
  And enter password "Boston@2023" in the Password field                                 # com.stepdef.StepDef.enter_password_in_the_password_field(java.lang.String)
  And click on Login                                                                     # com.stepdef.StepDef.click_on_login()
  Then validate login is successful                                                      # com.stepdef.StepDef.validate_login_is_successful()
]]></system-out>
  </testcase>
  <testcase name="runScenario[&quot;As a logged-in user, I want to logout successfully from website&quot;, &quot;Optional[Parabank logout testing]&quot;](1)" classname="com.runner.LogoutRunner" time="0.028">
    <system-out><![CDATA[
@smoke @TC1
Scenario Outline: As a logged-in user, I want to logout successfully from website   # src/test/resources/Logout.feature:16
  Given open the browser                                                            # com.stepdef.StepDef.open_the_browser()
  And pass the URL "https://parabank.parasoft.com/parabank/index.htm?ConnType=JDBC" # com.stepdef.StepDef.pass_the_url(java.lang.String)
  When enter username "rezwan" in the Username field                                # com.stepdef.StepDef.enter_username_in_the_username_field(java.lang.String)
  And enter password "Boston@2023" in the Password field                            # com.stepdef.StepDef.enter_password_in_the_password_field(java.lang.String)
  And click on Login                                                                # com.stepdef.StepDef.click_on_login()
  And click on Log Out                                                              # com.stepdef.StepDef.click_on_log_out()
  Then validate logout is successful                                                # com.stepdef.StepDef.validate_logout_is_successful()
]]></system-out>
    <system-err><![CDATA[┌──────────────────────────────────────────────────────────────────────────┐
│ View your Cucumber Report at:                                            │
│ https://reports.cucumber.io/reports/b41158ef-8d58-4669-92ec-aa43cf34e032 │
│                                                                          │
│ This report will self-destruct in 24h.                                   │
│ Keep reports forever: https://reports.cucumber.io/profile                │
└──────────────────────────────────────────────────────────────────────────┘]]></system-err>
  </testcase>
</testsuite>