<?xml version="1.0" encoding="UTF-8"?>
<testng-results ignored="0" total="2" passed="2" failed="0" skipped="0">
  <reporter-output>
  </reporter-output>
  <suite started-at="2023-12-02T18:02:10Z" name="Suite" finished-at="2023-12-02T18:02:12Z" duration-ms="2286">
    <groups>
      <group name="cucumber">
        <method signature="AbstractTestNGCucumberTests.runScenario(io.cucumber.testng.PickleWrapper, io.cucumber.testng.FeatureWrapper)[pri:0, instance:com.runner.LoginRunner@3ed242a4]" name="runScenario" class="io.cucumber.testng.AbstractTestNGCucumberTests"/>
        <method signature="AbstractTestNGCucumberTests.runScenario(io.cucumber.testng.PickleWrapper, io.cucumber.testng.FeatureWrapper)[pri:0, instance:com.runner.LogoutRunner@1199fe66]" name="runScenario" class="io.cucumber.testng.AbstractTestNGCucumberTests"/>
      </group> <!-- cucumber -->
    </groups>
    <test started-at="2023-12-02T18:02:10Z" name="Test" finished-at="2023-12-02T18:02:12Z" duration-ms="2286">
      <class name="com.runner.LogoutRunner">
        <test-method is-config="true" signature="setUpClass()[pri:0, instance:com.runner.LogoutRunner@1199fe66]" started-at="2023-12-02T18:02:11Z" name="setUpClass" finished-at="2023-12-02T18:02:11Z" duration-ms="16" status="PASS">
          <reporter-output>
          </reporter-output>
        </test-method> <!-- setUpClass -->
        <test-method signature="runScenario(io.cucumber.testng.PickleWrapper, io.cucumber.testng.FeatureWrapper)[pri:0, instance:com.runner.LogoutRunner@1199fe66]" started-at="2023-12-02T18:02:11Z" name="runScenario" description="Runs Cucumber Scenarios" data-provider="scenarios" finished-at="2023-12-02T18:02:11Z" duration-ms="12" status="PASS">
          <params>
            <param index="0">
              <value>
                <![CDATA["As a logged-in user, I want to logout successfully from website"]]>
              </value>
            </param>
            <param index="1">
              <value>
                <![CDATA["Optional[Parabank logout testing]"]]>
              </value>
            </param>
          </params>
          <reporter-output>
          </reporter-output>
        </test-method> <!-- runScenario -->
        <test-method is-config="true" signature="tearDownClass()[pri:0, instance:com.runner.LogoutRunner@1199fe66]" started-at="2023-12-02T18:02:11Z" name="tearDownClass" finished-at="2023-12-02T18:02:12Z" duration-ms="490" status="PASS">
          <reporter-output>
          </reporter-output>
        </test-method> <!-- tearDownClass -->
      </class> <!-- com.runner.LogoutRunner -->
      <class name="com.runner.LoginRunner">
        <test-method is-config="true" signature="setup()[pri:0, instance:com.runner.LoginRunner@3ed242a4]" started-at="2023-12-02T18:02:10Z" name="setup" finished-at="2023-12-02T18:02:10Z" duration-ms="7" status="PASS">
          <reporter-output>
          </reporter-output>
        </test-method> <!-- setup -->
        <test-method is-config="true" signature="setup()[pri:0, instance:com.runner.LogoutRunner@1199fe66]" started-at="2023-12-02T18:02:10Z" name="setup" finished-at="2023-12-02T18:02:10Z" duration-ms="0" status="PASS">
          <reporter-output>
          </reporter-output>
        </test-method> <!-- setup -->
        <test-method is-config="true" signature="setUpClass()[pri:0, instance:com.runner.LoginRunner@3ed242a4]" started-at="2023-12-02T18:02:10Z" name="setUpClass" finished-at="2023-12-02T18:02:10Z" duration-ms="354" status="PASS">
          <reporter-output>
          </reporter-output>
        </test-method> <!-- setUpClass -->
        <test-method signature="runScenario(io.cucumber.testng.PickleWrapper, io.cucumber.testng.FeatureWrapper)[pri:0, instance:com.runner.LoginRunner@3ed242a4]" started-at="2023-12-02T18:02:10Z" name="runScenario" description="Runs Cucumber Scenarios" data-provider="scenarios" finished-at="2023-12-02T18:02:10Z" duration-ms="141" status="PASS">
          <params>
            <param index="0">
              <value>
                <![CDATA["As a user, I want to login to Parabank website using valid credentials"]]>
              </value>
            </param>
            <param index="1">
              <value>
                <![CDATA["Optional[Parabank login testing]"]]>
              </value>
            </param>
          </params>
          <reporter-output>
          </reporter-output>
        </test-method> <!-- runScenario -->
        <test-method is-config="true" signature="tearDownClass()[pri:0, instance:com.runner.LoginRunner@3ed242a4]" started-at="2023-12-02T18:02:10Z" name="tearDownClass" finished-at="2023-12-02T18:02:11Z" duration-ms="1248" status="PASS">
          <reporter-output>
          </reporter-output>
        </test-method> <!-- tearDownClass -->
      </class> <!-- com.runner.LoginRunner -->
    </test> <!-- Test -->
  </suite> <!-- Suite -->
</testng-results>
